2020-03-01 23:11:04.902 [main] INFO  com.chargeingpile.netty.chargeingpilenetty.netty.IOT.IoTNettyPlatFormApplication -The following profiles are active: dev
2020-03-01 23:11:04.916 [main] INFO  o.s.boot.context.embedded.AnnotationConfigEmbeddedWebApplicationContext -Refreshing org.springframework.boot.context.embedded.AnnotationConfigEmbeddedWebApplicationContext@2d1dee39: startup date [Sun Mar 01 23:11:04 CST 2020]; parent: org.springframework.context.annotation.AnnotationConfigApplicationContext@445b295b
2020-03-01 23:11:05.857 [main] WARN  org.mybatis.spring.mapper.ClassPathMapperScanner -No MyBatis mapper was found in '[com.chargeingpile.netty.chargeingpilenetty.netty.IOT]' package. Please check your configuration.
2020-03-01 23:11:05.910 [main] INFO  org.springframework.data.repository.config.RepositoryConfigurationDelegate -Multiple Spring Data modules found, entering strict repository configuration mode!
2020-03-01 23:11:05.991 [main] INFO  org.springframework.beans.factory.support.DefaultListableBeanFactory -Overriding bean definition for bean 'retryTemplate' with a different definition: replacing [Root bean: class [null]; scope=; abstract=false; lazyInit=false; autowireMode=3; dependencyCheck=0; autowireCandidate=true; primary=false; factoryBeanName=org.springframework.cloud.client.loadbalancer.LoadBalancerAutoConfiguration$RetryAutoConfiguration; factoryMethodName=retryTemplate; initMethodName=null; destroyMethodName=(inferred); defined in class path resource [org/springframework/cloud/client/loadbalancer/LoadBalancerAutoConfiguration$RetryAutoConfiguration.class]] with [Root bean: class [null]; scope=; abstract=false; lazyInit=false; autowireMode=3; dependencyCheck=0; autowireCandidate=true; primary=false; factoryBeanName=org.springframework.cloud.netflix.feign.ribbon.FeignRibbonClientAutoConfiguration; factoryMethodName=retryTemplate; initMethodName=null; destroyMethodName=(inferred); defined in class path resource [org/springframework/cloud/netflix/feign/ribbon/FeignRibbonClientAutoConfiguration.class]]
2020-03-01 23:11:06.012 [main] WARN  org.springframework.context.annotation.ConfigurationClassPostProcessor -Cannot enhance @Configuration bean definition 'refreshScope' since its singleton instance has been created too early. The typical cause is a non-static @Bean method with a BeanDefinitionRegistryPostProcessor return type: Consider declaring such methods as 'static'.
2020-03-01 23:11:06.108 [main] INFO  org.springframework.cloud.context.scope.GenericScope -BeanFactory id=23fe62bc-ae56-3c20-bf61-12c0d31b94fd
2020-03-01 23:11:06.121 [main] INFO  o.springframework.beans.factory.annotation.AutowiredAnnotationBeanPostProcessor -JSR-330 'javax.inject.Inject' annotation found and supported for autowiring
2020-03-01 23:11:06.199 [main] INFO  o.s.context.support.PostProcessorRegistrationDelegate$BeanPostProcessorChecker -Bean 'org.springframework.transaction.annotation.ProxyTransactionManagementConfiguration' of type [org.springframework.transaction.annotation.ProxyTransactionManagementConfiguration$$EnhancerBySpringCGLIB$$66231945] is not eligible for getting processed by all BeanPostProcessors (for example: not eligible for auto-proxying)
2020-03-01 23:11:06.220 [main] INFO  o.s.context.support.PostProcessorRegistrationDelegate$BeanPostProcessorChecker -Bean 'org.springframework.cloud.autoconfigure.ConfigurationPropertiesRebinderAutoConfiguration' of type [org.springframework.cloud.autoconfigure.ConfigurationPropertiesRebinderAutoConfiguration$$EnhancerBySpringCGLIB$$823d1c42] is not eligible for getting processed by all BeanPostProcessors (for example: not eligible for auto-proxying)
2020-03-01 23:11:06.505 [main] INFO  org.springframework.boot.context.embedded.tomcat.TomcatEmbeddedServletContainer -Tomcat initialized with port(s): 8082 (http)
2020-03-01 23:11:06.521 [main] INFO  org.apache.catalina.core.StandardService -Starting service Tomcat
2020-03-01 23:11:06.522 [main] INFO  org.apache.catalina.core.StandardEngine -Starting Servlet Engine: Apache Tomcat/8.5.14
2020-03-01 23:11:06.641 [localhost-startStop-1] INFO  org.apache.catalina.core.ContainerBase.[Tomcat].[localhost].[/] -Initializing Spring embedded WebApplicationContext
2020-03-01 23:11:06.642 [localhost-startStop-1] INFO  org.springframework.web.context.ContextLoader -Root WebApplicationContext: initialization completed in 1726 ms
2020-03-01 23:11:06.740 [localhost-startStop-1] INFO  org.springframework.boot.web.servlet.ServletRegistrationBean -Mapping servlet: 'dispatcherServlet' to [/]
2020-03-01 23:11:06.744 [localhost-startStop-1] INFO  org.springframework.boot.web.servlet.FilterRegistrationBean -Mapping filter: 'characterEncodingFilter' to: [/*]
2020-03-01 23:11:06.745 [localhost-startStop-1] INFO  org.springframework.boot.web.servlet.FilterRegistrationBean -Mapping filter: 'hiddenHttpMethodFilter' to: [/*]
2020-03-01 23:11:06.745 [localhost-startStop-1] INFO  org.springframework.boot.web.servlet.FilterRegistrationBean -Mapping filter: 'httpPutFormContentFilter' to: [/*]
2020-03-01 23:11:06.745 [localhost-startStop-1] INFO  org.springframework.boot.web.servlet.FilterRegistrationBean -Mapping filter: 'requestContextFilter' to: [/*]
2020-03-01 23:11:07.034 [main] INFO  o.springframework.web.servlet.mvc.method.annotation.RequestMappingHandlerAdapter -Looking for @ControllerAdvice: org.springframework.boot.context.embedded.AnnotationConfigEmbeddedWebApplicationContext@2d1dee39: startup date [Sun Mar 01 23:11:04 CST 2020]; parent: org.springframework.context.annotation.AnnotationConfigApplicationContext@445b295b
2020-03-01 23:11:07.076 [main] INFO  o.springframework.web.servlet.mvc.method.annotation.RequestMappingHandlerMapping -Mapped "{[/error]}" onto public org.springframework.http.ResponseEntity<java.util.Map<java.lang.String, java.lang.Object>> org.springframework.boot.autoconfigure.web.BasicErrorController.error(javax.servlet.http.HttpServletRequest)
2020-03-01 23:11:07.076 [main] INFO  o.springframework.web.servlet.mvc.method.annotation.RequestMappingHandlerMapping -Mapped "{[/error],produces=[text/html]}" onto public org.springframework.web.servlet.ModelAndView org.springframework.boot.autoconfigure.web.BasicErrorController.errorHtml(javax.servlet.http.HttpServletRequest,javax.servlet.http.HttpServletResponse)
2020-03-01 23:11:07.100 [main] INFO  org.springframework.web.servlet.handler.SimpleUrlHandlerMapping -Mapped URL path [/webjars/**] onto handler of type [class org.springframework.web.servlet.resource.ResourceHttpRequestHandler]
2020-03-01 23:11:07.101 [main] INFO  org.springframework.web.servlet.handler.SimpleUrlHandlerMapping -Mapped URL path [/**] onto handler of type [class org.springframework.web.servlet.resource.ResourceHttpRequestHandler]
2020-03-01 23:11:07.130 [main] INFO  org.springframework.web.servlet.handler.SimpleUrlHandlerMapping -Mapped URL path [/**/favicon.ico] onto handler of type [class org.springframework.web.servlet.resource.ResourceHttpRequestHandler]
2020-03-01 23:11:08.027 [main] WARN  com.netflix.config.sources.URLConfigurationSource -No URLs will be polled as dynamic configuration sources.
2020-03-01 23:11:08.027 [main] INFO  com.netflix.config.sources.URLConfigurationSource -To enable URLs as dynamic configuration sources, define System property archaius.configurationSource.additionalUrls or make config.properties available on classpath.
2020-03-01 23:11:08.038 [main] WARN  com.netflix.config.sources.URLConfigurationSource -No URLs will be polled as dynamic configuration sources.
2020-03-01 23:11:08.038 [main] INFO  com.netflix.config.sources.URLConfigurationSource -To enable URLs as dynamic configuration sources, define System property archaius.configurationSource.additionalUrls or make config.properties available on classpath.
2020-03-01 23:11:08.139 [main] INFO  org.springframework.jmx.export.annotation.AnnotationMBeanExporter -Registering beans for JMX exposure on startup
2020-03-01 23:11:08.145 [main] INFO  org.springframework.jmx.export.annotation.AnnotationMBeanExporter -Bean with name 'configurationPropertiesRebinder' has been autodetected for JMX exposure
2020-03-01 23:11:08.145 [main] INFO  org.springframework.jmx.export.annotation.AnnotationMBeanExporter -Bean with name 'refreshScope' has been autodetected for JMX exposure
2020-03-01 23:11:08.146 [main] INFO  org.springframework.jmx.export.annotation.AnnotationMBeanExporter -Bean with name 'environmentManager' has been autodetected for JMX exposure
2020-03-01 23:11:08.148 [main] INFO  org.springframework.jmx.export.annotation.AnnotationMBeanExporter -Located managed bean 'environmentManager': registering with JMX server as MBean [org.springframework.cloud.context.environment:name=environmentManager,type=EnvironmentManager]
2020-03-01 23:11:08.173 [main] INFO  org.springframework.jmx.export.annotation.AnnotationMBeanExporter -Located managed bean 'refreshScope': registering with JMX server as MBean [org.springframework.cloud.context.scope.refresh:name=refreshScope,type=RefreshScope]
2020-03-01 23:11:08.180 [main] INFO  org.springframework.jmx.export.annotation.AnnotationMBeanExporter -Located managed bean 'configurationPropertiesRebinder': registering with JMX server as MBean [org.springframework.cloud.context.properties:name=configurationPropertiesRebinder,context=2d1dee39,type=ConfigurationPropertiesRebinder]
2020-03-01 23:11:08.300 [main] INFO  org.apache.coyote.http11.Http11NioProtocol -Initializing ProtocolHandler ["http-nio-8082"]
2020-03-01 23:11:08.322 [main] INFO  org.apache.coyote.http11.Http11NioProtocol -Starting ProtocolHandler ["http-nio-8082"]
2020-03-01 23:11:08.331 [main] INFO  org.apache.tomcat.util.net.NioSelectorPool -Using a shared selector for servlet write/read
2020-03-01 23:11:08.424 [main] INFO  org.springframework.boot.context.embedded.tomcat.TomcatEmbeddedServletContainer -Tomcat started on port(s): 8082 (http)
2020-03-01 23:11:08.427 [main] INFO  com.chargeingpile.netty.chargeingpilenetty.netty.IOT.IoTNettyPlatFormApplication -Started IoTNettyPlatFormApplication in 6.745 seconds (JVM running for 8.206)
2020-03-01 23:11:08.759 [nioEventLoopGroup-2-1] INFO  io.netty.handler.logging.LoggingHandler -[id: 0xc70677bd] REGISTERED
2020-03-01 23:11:08.761 [nioEventLoopGroup-2-1] INFO  io.netty.handler.logging.LoggingHandler -[id: 0xc70677bd] BIND: /192.168.1.103:9999
2020-03-01 23:11:08.761 [Thread-21] ERROR com.chargeingpile.netty.chargeingpilenetty.netty.IOT.NettyServer -Netty 服务启动失败: Address already in use: bind
2020-03-01 23:11:08.763 [nioEventLoopGroup-2-1] INFO  io.netty.handler.logging.LoggingHandler -[id: 0xc70677bd] CLOSE
2020-03-01 23:11:08.766 [nioEventLoopGroup-2-1] INFO  io.netty.handler.logging.LoggingHandler -[id: 0xc70677bd] UNREGISTERED
2020-03-01 23:11:41.856 [main] INFO  com.chargeingpile.netty.chargeingpilenetty.netty.IOT.IoTNettyPlatFormApplication -The following profiles are active: dev
2020-03-01 23:11:41.866 [main] INFO  o.s.boot.context.embedded.AnnotationConfigEmbeddedWebApplicationContext -Refreshing org.springframework.boot.context.embedded.AnnotationConfigEmbeddedWebApplicationContext@2d1dee39: startup date [Sun Mar 01 23:11:41 CST 2020]; parent: org.springframework.context.annotation.AnnotationConfigApplicationContext@757277dc
2020-03-01 23:11:42.258 [main] WARN  org.mybatis.spring.mapper.ClassPathMapperScanner -No MyBatis mapper was found in '[com.chargeingpile.netty.chargeingpilenetty.netty.IOT]' package. Please check your configuration.
2020-03-01 23:11:42.283 [main] INFO  org.springframework.data.repository.config.RepositoryConfigurationDelegate -Multiple Spring Data modules found, entering strict repository configuration mode!
2020-03-01 23:11:42.333 [main] INFO  org.springframework.beans.factory.support.DefaultListableBeanFactory -Overriding bean definition for bean 'retryTemplate' with a different definition: replacing [Root bean: class [null]; scope=; abstract=false; lazyInit=false; autowireMode=3; dependencyCheck=0; autowireCandidate=true; primary=false; factoryBeanName=org.springframework.cloud.client.loadbalancer.LoadBalancerAutoConfiguration$RetryAutoConfiguration; factoryMethodName=retryTemplate; initMethodName=null; destroyMethodName=(inferred); defined in class path resource [org/springframework/cloud/client/loadbalancer/LoadBalancerAutoConfiguration$RetryAutoConfiguration.class]] with [Root bean: class [null]; scope=; abstract=false; lazyInit=false; autowireMode=3; dependencyCheck=0; autowireCandidate=true; primary=false; factoryBeanName=org.springframework.cloud.netflix.feign.ribbon.FeignRibbonClientAutoConfiguration; factoryMethodName=retryTemplate; initMethodName=null; destroyMethodName=(inferred); defined in class path resource [org/springframework/cloud/netflix/feign/ribbon/FeignRibbonClientAutoConfiguration.class]]
2020-03-01 23:11:42.350 [main] WARN  org.springframework.context.annotation.ConfigurationClassPostProcessor -Cannot enhance @Configuration bean definition 'refreshScope' since its singleton instance has been created too early. The typical cause is a non-static @Bean method with a BeanDefinitionRegistryPostProcessor return type: Consider declaring such methods as 'static'.
2020-03-01 23:11:42.413 [main] INFO  org.springframework.cloud.context.scope.GenericScope -BeanFactory id=23fe62bc-ae56-3c20-bf61-12c0d31b94fd
2020-03-01 23:11:42.427 [main] INFO  o.springframework.beans.factory.annotation.AutowiredAnnotationBeanPostProcessor -JSR-330 'javax.inject.Inject' annotation found and supported for autowiring
2020-03-01 23:11:42.504 [main] INFO  o.s.context.support.PostProcessorRegistrationDelegate$BeanPostProcessorChecker -Bean 'org.springframework.transaction.annotation.ProxyTransactionManagementConfiguration' of type [org.springframework.transaction.annotation.ProxyTransactionManagementConfiguration$$EnhancerBySpringCGLIB$$53569d8d] is not eligible for getting processed by all BeanPostProcessors (for example: not eligible for auto-proxying)
2020-03-01 23:11:42.524 [main] INFO  o.s.context.support.PostProcessorRegistrationDelegate$BeanPostProcessorChecker -Bean 'org.springframework.cloud.autoconfigure.ConfigurationPropertiesRebinderAutoConfiguration' of type [org.springframework.cloud.autoconfigure.ConfigurationPropertiesRebinderAutoConfiguration$$EnhancerBySpringCGLIB$$6f70a08a] is not eligible for getting processed by all BeanPostProcessors (for example: not eligible for auto-proxying)
2020-03-01 23:11:42.696 [main] INFO  org.springframework.boot.context.embedded.tomcat.TomcatEmbeddedServletContainer -Tomcat initialized with port(s): 8082 (http)
2020-03-01 23:11:42.703 [main] INFO  org.apache.catalina.core.StandardService -Starting service Tomcat
2020-03-01 23:11:42.704 [main] INFO  org.apache.catalina.core.StandardEngine -Starting Servlet Engine: Apache Tomcat/8.5.14
2020-03-01 23:11:42.813 [localhost-startStop-1] INFO  org.apache.catalina.core.ContainerBase.[Tomcat].[localhost].[/] -Initializing Spring embedded WebApplicationContext
2020-03-01 23:11:42.813 [localhost-startStop-1] INFO  org.springframework.web.context.ContextLoader -Root WebApplicationContext: initialization completed in 947 ms
2020-03-01 23:11:42.920 [localhost-startStop-1] INFO  org.springframework.boot.web.servlet.ServletRegistrationBean -Mapping servlet: 'dispatcherServlet' to [/]
2020-03-01 23:11:42.924 [localhost-startStop-1] INFO  org.springframework.boot.web.servlet.FilterRegistrationBean -Mapping filter: 'characterEncodingFilter' to: [/*]
2020-03-01 23:11:42.925 [localhost-startStop-1] INFO  org.springframework.boot.web.servlet.FilterRegistrationBean -Mapping filter: 'hiddenHttpMethodFilter' to: [/*]
2020-03-01 23:11:42.925 [localhost-startStop-1] INFO  org.springframework.boot.web.servlet.FilterRegistrationBean -Mapping filter: 'httpPutFormContentFilter' to: [/*]
2020-03-01 23:11:42.925 [localhost-startStop-1] INFO  org.springframework.boot.web.servlet.FilterRegistrationBean -Mapping filter: 'requestContextFilter' to: [/*]
2020-03-01 23:11:43.156 [main] INFO  o.springframework.web.servlet.mvc.method.annotation.RequestMappingHandlerAdapter -Looking for @ControllerAdvice: org.springframework.boot.context.embedded.AnnotationConfigEmbeddedWebApplicationContext@2d1dee39: startup date [Sun Mar 01 23:11:41 CST 2020]; parent: org.springframework.context.annotation.AnnotationConfigApplicationContext@757277dc
2020-03-01 23:11:43.199 [main] INFO  o.springframework.web.servlet.mvc.method.annotation.RequestMappingHandlerMapping -Mapped "{[/error]}" onto public org.springframework.http.ResponseEntity<java.util.Map<java.lang.String, java.lang.Object>> org.springframework.boot.autoconfigure.web.BasicErrorController.error(javax.servlet.http.HttpServletRequest)
2020-03-01 23:11:43.200 [main] INFO  o.springframework.web.servlet.mvc.method.annotation.RequestMappingHandlerMapping -Mapped "{[/error],produces=[text/html]}" onto public org.springframework.web.servlet.ModelAndView org.springframework.boot.autoconfigure.web.BasicErrorController.errorHtml(javax.servlet.http.HttpServletRequest,javax.servlet.http.HttpServletResponse)
2020-03-01 23:11:43.228 [main] INFO  org.springframework.web.servlet.handler.SimpleUrlHandlerMapping -Mapped URL path [/webjars/**] onto handler of type [class org.springframework.web.servlet.resource.ResourceHttpRequestHandler]
2020-03-01 23:11:43.228 [main] INFO  org.springframework.web.servlet.handler.SimpleUrlHandlerMapping -Mapped URL path [/**] onto handler of type [class org.springframework.web.servlet.resource.ResourceHttpRequestHandler]
2020-03-01 23:11:43.260 [main] INFO  org.springframework.web.servlet.handler.SimpleUrlHandlerMapping -Mapped URL path [/**/favicon.ico] onto handler of type [class org.springframework.web.servlet.resource.ResourceHttpRequestHandler]
2020-03-01 23:11:43.817 [main] WARN  com.netflix.config.sources.URLConfigurationSource -No URLs will be polled as dynamic configuration sources.
2020-03-01 23:11:43.818 [main] INFO  com.netflix.config.sources.URLConfigurationSource -To enable URLs as dynamic configuration sources, define System property archaius.configurationSource.additionalUrls or make config.properties available on classpath.
2020-03-01 23:11:43.821 [main] WARN  com.netflix.config.sources.URLConfigurationSource -No URLs will be polled as dynamic configuration sources.
2020-03-01 23:11:43.821 [main] INFO  com.netflix.config.sources.URLConfigurationSource -To enable URLs as dynamic configuration sources, define System property archaius.configurationSource.additionalUrls or make config.properties available on classpath.
2020-03-01 23:11:43.888 [main] INFO  org.springframework.jmx.export.annotation.AnnotationMBeanExporter -Registering beans for JMX exposure on startup
2020-03-01 23:11:43.894 [main] INFO  org.springframework.jmx.export.annotation.AnnotationMBeanExporter -Bean with name 'configurationPropertiesRebinder' has been autodetected for JMX exposure
2020-03-01 23:11:43.895 [main] INFO  org.springframework.jmx.export.annotation.AnnotationMBeanExporter -Bean with name 'refreshScope' has been autodetected for JMX exposure
2020-03-01 23:11:43.895 [main] INFO  org.springframework.jmx.export.annotation.AnnotationMBeanExporter -Bean with name 'environmentManager' has been autodetected for JMX exposure
2020-03-01 23:11:43.896 [main] INFO  org.springframework.jmx.export.annotation.AnnotationMBeanExporter -Located managed bean 'environmentManager': registering with JMX server as MBean [org.springframework.cloud.context.environment:name=environmentManager,type=EnvironmentManager]
2020-03-01 23:11:43.905 [main] INFO  org.springframework.jmx.export.annotation.AnnotationMBeanExporter -Located managed bean 'refreshScope': registering with JMX server as MBean [org.springframework.cloud.context.scope.refresh:name=refreshScope,type=RefreshScope]
2020-03-01 23:11:43.913 [main] INFO  org.springframework.jmx.export.annotation.AnnotationMBeanExporter -Located managed bean 'configurationPropertiesRebinder': registering with JMX server as MBean [org.springframework.cloud.context.properties:name=configurationPropertiesRebinder,context=2d1dee39,type=ConfigurationPropertiesRebinder]
2020-03-01 23:11:44.032 [main] INFO  org.apache.coyote.http11.Http11NioProtocol -Initializing ProtocolHandler ["http-nio-8082"]
2020-03-01 23:11:44.041 [main] INFO  org.apache.coyote.http11.Http11NioProtocol -Starting ProtocolHandler ["http-nio-8082"]
2020-03-01 23:11:44.049 [main] INFO  org.apache.tomcat.util.net.NioSelectorPool -Using a shared selector for servlet write/read
2020-03-01 23:11:44.065 [main] INFO  org.springframework.boot.context.embedded.tomcat.TomcatEmbeddedServletContainer -Tomcat started on port(s): 8082 (http)
2020-03-01 23:11:44.067 [main] INFO  com.chargeingpile.netty.chargeingpilenetty.netty.IOT.IoTNettyPlatFormApplication -Started IoTNettyPlatFormApplication in 3.435 seconds (JVM running for 4.06)
2020-03-01 23:11:44.444 [nioEventLoopGroup-2-1] INFO  io.netty.handler.logging.LoggingHandler -[id: 0x4bb6bae6] REGISTERED
2020-03-01 23:11:44.445 [nioEventLoopGroup-2-1] INFO  io.netty.handler.logging.LoggingHandler -[id: 0x4bb6bae6] BIND: /192.168.1.103:9999
2020-03-01 23:11:44.446 [Thread-14] INFO  com.chargeingpile.netty.chargeingpilenetty.netty.IOT.NettyServer -netty服务启动: [port:9999]
2020-03-01 23:11:44.446 [nioEventLoopGroup-2-1] INFO  io.netty.handler.logging.LoggingHandler -[id: 0x4bb6bae6, L:/192.168.1.103:9999] ACTIVE
2020-03-01 23:12:00.587 [nioEventLoopGroup-2-1] INFO  io.netty.handler.logging.LoggingHandler -[id: 0x4bb6bae6, L:/192.168.1.103:9999] RECEIVED: [id: 0xae788911, L:/192.168.1.103:9999 - R:/192.168.1.102:64282]
2020-03-01 23:12:00.593 [nioEventLoopGroup-3-1] INFO  com.chargeingpile.netty.chargeingpilenetty.netty.IOT.SmartIotHandler -收到客户端IP: 192.168.1.102
